{
  "stats": {
    "suites": 1,
    "tests": 1,
    "passes": 1,
    "pending": 0,
    "failures": 0,
    "start": "2022-04-17T08:08:49.105Z",
    "end": "2022-04-17T08:10:00.311Z",
    "duration": 71206,
    "testsRegistered": 1,
    "passPercent": 100,
    "pendingPercent": 0,
    "other": 0,
    "hasOther": false,
    "skipped": 0,
    "hasSkipped": false
  },
  "results": [
    {
      "uuid": "d3f145c4-2481-4246-b167-d6f753456309",
      "title": "",
      "fullFile": "cypress/integration/BDjobsSignIn.feature",
      "file": "cypress/integration/BDjobsSignIn.feature",
      "beforeHooks": [],
      "afterHooks": [],
      "tests": [],
      "suites": [
        {
          "uuid": "e41e0e94-e8de-416d-8d3a-e304679d466e",
          "title": "BDJobs Main Page Two",
          "fullFile": "",
          "file": "",
          "beforeHooks": [],
          "afterHooks": [],
          "tests": [
            {
              "title": "Opening BDJobs Home Page Two",
              "fullTitle": "BDJobs Main Page Two Opening BDJobs Home Page Two",
              "timedOut": null,
              "duration": 60995,
              "state": "passed",
              "speed": "slow",
              "pass": true,
              "fail": false,
              "pending": false,
              "context": null,
              "code": "const state = window.testState;\nreturn cy\n  .then(() => state.onStartScenario(scenario, indexedSteps))\n  .then(() =>\n    resolveAndRunBeforeHooks.call(this, scenario.tags, state.feature.name)\n  )\n  .then(() =>\n    indexedSteps.forEach((step) =>\n      stepTest.call(this, state, step, rowData)\n    )\n  )\n  .then(() => state.onFinishScenario(scenario));",
              "err": {},
              "uuid": "1af2290d-8631-4099-8fca-ad8f51fca210",
              "parentUUID": "e41e0e94-e8de-416d-8d3a-e304679d466e",
              "isHook": false,
              "skipped": false
            }
          ],
          "suites": [],
          "passes": [
            "1af2290d-8631-4099-8fca-ad8f51fca210"
          ],
          "failures": [],
          "pending": [],
          "skipped": [],
          "duration": 60995,
          "root": false,
          "rootEmpty": false,
          "_timeout": 2000
        }
      ],
      "passes": [],
      "failures": [],
      "pending": [],
      "skipped": [],
      "duration": 0,
      "root": true,
      "rootEmpty": true,
      "_timeout": 2000
    }
  ],
  "meta": {
    "mocha": {
      "version": "7.0.1"
    },
    "mochawesome": {
      "options": {
        "quiet": false,
        "reportFilename": "mochawesome",
        "saveHtml": true,
        "saveJson": true,
        "consoleReporter": "spec",
        "useInlineDiffs": false,
        "code": true
      },
      "version": "7.1.3"
    },
    "marge": {
      "options": {
        "charts": true,
        "overwrite": false,
        "html": true,
        "json": true,
        "reportDir": "cypress/reports"
      },
      "version": "6.2.0"
    }
  }
}