{
  "stats": {
    "suites": 1,
    "tests": 6,
    "passes": 2,
    "pending": 4,
    "failures": 0,
    "start": "2022-04-18T12:22:08.590Z",
    "end": "2022-04-18T12:24:22.840Z",
    "duration": 134250,
    "testsRegistered": 6,
    "passPercent": 100,
    "pendingPercent": 66.66666666666666,
    "other": 0,
    "hasOther": false,
    "skipped": 4,
    "hasSkipped": true
  },
  "results": [
    {
      "uuid": "ff331fb0-869a-48f2-9672-b87f99e72878",
      "title": "",
      "fullFile": "cypress/integration/BDJobs.feature",
      "file": "cypress/integration/BDJobs.feature",
      "beforeHooks": [],
      "afterHooks": [],
      "tests": [],
      "suites": [
        {
          "uuid": "f53af360-0123-4e4d-905d-1f9d1b5987f7",
          "title": "BDJobs Main Page",
          "fullFile": "",
          "file": "",
          "beforeHooks": [],
          "afterHooks": [],
          "tests": [
            {
              "title": "Opening BDJobs Government Jobs",
              "fullTitle": "BDJobs Main Page Opening BDJobs Government Jobs",
              "timedOut": null,
              "duration": 27504,
              "state": "passed",
              "speed": "slow",
              "pass": true,
              "fail": false,
              "pending": false,
              "context": null,
              "code": "const state = window.testState;\nreturn cy\n  .then(() => state.onStartScenario(scenario, indexedSteps))\n  .then(() =>\n    resolveAndRunBeforeHooks.call(this, scenario.tags, state.feature.name)\n  )\n  .then(() =>\n    indexedSteps.forEach((step) =>\n      stepTest.call(this, state, step, rowData)\n    )\n  )\n  .then(() => state.onFinishScenario(scenario));",
              "err": {},
              "uuid": "1bb7365a-caf4-4663-919a-1912a75600fc",
              "parentUUID": "f53af360-0123-4e4d-905d-1f9d1b5987f7",
              "isHook": false,
              "skipped": false
            },
            {
              "title": "Opening BDJobs Semi Government Jobs",
              "fullTitle": "BDJobs Main Page Opening BDJobs Semi Government Jobs",
              "timedOut": null,
              "duration": 71320,
              "state": "passed",
              "speed": "slow",
              "pass": true,
              "fail": false,
              "pending": false,
              "context": null,
              "code": "const state = window.testState;\nreturn cy\n  .then(() => state.onStartScenario(scenario, indexedSteps))\n  .then(() =>\n    resolveAndRunBeforeHooks.call(this, scenario.tags, state.feature.name)\n  )\n  .then(() =>\n    indexedSteps.forEach((step) =>\n      stepTest.call(this, state, step, rowData)\n    )\n  )\n  .then(() => state.onFinishScenario(scenario));",
              "err": {},
              "uuid": "e3607905-f618-4797-8d58-90339405e780",
              "parentUUID": "f53af360-0123-4e4d-905d-1f9d1b5987f7",
              "isHook": false,
              "skipped": false
            },
            {
              "title": "Opening BDJobs NGO Jobs",
              "fullTitle": "BDJobs Main Page Opening BDJobs NGO Jobs",
              "timedOut": null,
              "duration": 7707,
              "state": "pending",
              "speed": null,
              "pass": false,
              "fail": false,
              "pending": false,
              "context": null,
              "code": "// register this scenario with the cucumber data collector\n// but don't run it\n// Tell mocha this is a skipped test so it also shows correctly in Cypress\nconst state = window.testState;\ncy.then(() => state.onStartScenario(scenario, indexedSteps))\n  .then(() => state.onFinishScenario(scenario))\n  // eslint-disable-next-line func-names\n  .then(function () {\n    return this.skip();\n  });",
              "err": {},
              "uuid": "44309c7b-d583-4d52-8e3a-0c56abbcf548",
              "parentUUID": "f53af360-0123-4e4d-905d-1f9d1b5987f7",
              "isHook": false,
              "skipped": true
            },
            {
              "title": "Opening BDJobs Private Firm Company Jobs",
              "fullTitle": "BDJobs Main Page Opening BDJobs Private Firm Company Jobs",
              "timedOut": null,
              "duration": 3888,
              "state": "pending",
              "speed": null,
              "pass": false,
              "fail": false,
              "pending": false,
              "context": null,
              "code": "// register this scenario with the cucumber data collector\n// but don't run it\n// Tell mocha this is a skipped test so it also shows correctly in Cypress\nconst state = window.testState;\ncy.then(() => state.onStartScenario(scenario, indexedSteps))\n  .then(() => state.onFinishScenario(scenario))\n  // eslint-disable-next-line func-names\n  .then(function () {\n    return this.skip();\n  });",
              "err": {},
              "uuid": "d7a2eacb-3ad1-4996-b4b2-5d0fd4a8a1de",
              "parentUUID": "f53af360-0123-4e4d-905d-1f9d1b5987f7",
              "isHook": false,
              "skipped": true
            },
            {
              "title": "Opening BDJobs Private International Agencies",
              "fullTitle": "BDJobs Main Page Opening BDJobs Private International Agencies",
              "timedOut": null,
              "duration": 3509,
              "state": "pending",
              "speed": null,
              "pass": false,
              "fail": false,
              "pending": false,
              "context": null,
              "code": "// register this scenario with the cucumber data collector\n// but don't run it\n// Tell mocha this is a skipped test so it also shows correctly in Cypress\nconst state = window.testState;\ncy.then(() => state.onStartScenario(scenario, indexedSteps))\n  .then(() => state.onFinishScenario(scenario))\n  // eslint-disable-next-line func-names\n  .then(function () {\n    return this.skip();\n  });",
              "err": {},
              "uuid": "45cd3d5e-4791-4e3d-bf39-509dece3d523",
              "parentUUID": "f53af360-0123-4e4d-905d-1f9d1b5987f7",
              "isHook": false,
              "skipped": true
            },
            {
              "title": "Opening BDJobs Others Jobs",
              "fullTitle": "BDJobs Main Page Opening BDJobs Others Jobs",
              "timedOut": null,
              "duration": 2653,
              "state": "pending",
              "speed": null,
              "pass": false,
              "fail": false,
              "pending": false,
              "context": null,
              "code": "// register this scenario with the cucumber data collector\n// but don't run it\n// Tell mocha this is a skipped test so it also shows correctly in Cypress\nconst state = window.testState;\ncy.then(() => state.onStartScenario(scenario, indexedSteps))\n  .then(() => state.onFinishScenario(scenario))\n  // eslint-disable-next-line func-names\n  .then(function () {\n    return this.skip();\n  });",
              "err": {},
              "uuid": "96ab4518-65c8-428c-b9bb-bce3b0424eda",
              "parentUUID": "f53af360-0123-4e4d-905d-1f9d1b5987f7",
              "isHook": false,
              "skipped": true
            }
          ],
          "suites": [],
          "passes": [
            "1bb7365a-caf4-4663-919a-1912a75600fc",
            "e3607905-f618-4797-8d58-90339405e780"
          ],
          "failures": [],
          "pending": [],
          "skipped": [
            "44309c7b-d583-4d52-8e3a-0c56abbcf548",
            "d7a2eacb-3ad1-4996-b4b2-5d0fd4a8a1de",
            "45cd3d5e-4791-4e3d-bf39-509dece3d523",
            "96ab4518-65c8-428c-b9bb-bce3b0424eda"
          ],
          "duration": 116581,
          "root": false,
          "rootEmpty": false,
          "_timeout": 2000
        }
      ],
      "passes": [],
      "failures": [],
      "pending": [],
      "skipped": [],
      "duration": 0,
      "root": true,
      "rootEmpty": true,
      "_timeout": 2000
    }
  ],
  "meta": {
    "mocha": {
      "version": "7.0.1"
    },
    "mochawesome": {
      "options": {
        "quiet": false,
        "reportFilename": "mochawesome",
        "saveHtml": true,
        "saveJson": true,
        "consoleReporter": "spec",
        "useInlineDiffs": false,
        "code": true
      },
      "version": "7.1.3"
    },
    "marge": {
      "options": {
        "charts": true,
        "overwrite": false,
        "html": true,
        "json": true,
        "reportDir": "cypress/reports"
      },
      "version": "6.2.0"
    }
  }
}