{
  "stats": {
    "suites": 1,
    "tests": 6,
    "passes": 2,
    "pending": 4,
    "failures": 0,
    "start": "2022-04-17T08:04:07.428Z",
    "end": "2022-04-17T08:05:45.376Z",
    "duration": 97948,
    "testsRegistered": 6,
    "passPercent": 100,
    "pendingPercent": 66.66666666666666,
    "other": 0,
    "hasOther": false,
    "skipped": 4,
    "hasSkipped": true
  },
  "results": [
    {
      "uuid": "76e38d8d-e862-444d-95c6-70424913b761",
      "title": "",
      "fullFile": "cypress/integration/BDJobs.feature",
      "file": "cypress/integration/BDJobs.feature",
      "beforeHooks": [],
      "afterHooks": [],
      "tests": [],
      "suites": [
        {
          "uuid": "9673f70a-e6c7-436f-9af7-b8425bf2b641",
          "title": "BDJobs Main Page",
          "fullFile": "",
          "file": "",
          "beforeHooks": [],
          "afterHooks": [],
          "tests": [
            {
              "title": "Opening BDJobs Government Jobs",
              "fullTitle": "BDJobs Main Page Opening BDJobs Government Jobs",
              "timedOut": null,
              "duration": 28593,
              "state": "passed",
              "speed": "slow",
              "pass": true,
              "fail": false,
              "pending": false,
              "context": null,
              "code": "const state = window.testState;\nreturn cy\n  .then(() => state.onStartScenario(scenario, indexedSteps))\n  .then(() =>\n    resolveAndRunBeforeHooks.call(this, scenario.tags, state.feature.name)\n  )\n  .then(() =>\n    indexedSteps.forEach((step) =>\n      stepTest.call(this, state, step, rowData)\n    )\n  )\n  .then(() => state.onFinishScenario(scenario));",
              "err": {},
              "uuid": "77a21d48-eddc-40e3-8cf0-6774136107a5",
              "parentUUID": "9673f70a-e6c7-436f-9af7-b8425bf2b641",
              "isHook": false,
              "skipped": false
            },
            {
              "title": "Opening BDJobs Semi Government Jobs",
              "fullTitle": "BDJobs Main Page Opening BDJobs Semi Government Jobs",
              "timedOut": null,
              "duration": 34367,
              "state": "passed",
              "speed": "slow",
              "pass": true,
              "fail": false,
              "pending": false,
              "context": null,
              "code": "const state = window.testState;\nreturn cy\n  .then(() => state.onStartScenario(scenario, indexedSteps))\n  .then(() =>\n    resolveAndRunBeforeHooks.call(this, scenario.tags, state.feature.name)\n  )\n  .then(() =>\n    indexedSteps.forEach((step) =>\n      stepTest.call(this, state, step, rowData)\n    )\n  )\n  .then(() => state.onFinishScenario(scenario));",
              "err": {},
              "uuid": "9b3299af-5f87-41c9-9c4f-1ee9dd0e8d2d",
              "parentUUID": "9673f70a-e6c7-436f-9af7-b8425bf2b641",
              "isHook": false,
              "skipped": false
            },
            {
              "title": "Opening BDJobs NGO Jobs",
              "fullTitle": "BDJobs Main Page Opening BDJobs NGO Jobs",
              "timedOut": null,
              "duration": 6519,
              "state": "pending",
              "speed": null,
              "pass": false,
              "fail": false,
              "pending": false,
              "context": null,
              "code": "// register this scenario with the cucumber data collector\n// but don't run it\n// Tell mocha this is a skipped test so it also shows correctly in Cypress\nconst state = window.testState;\ncy.then(() => state.onStartScenario(scenario, indexedSteps))\n  .then(() => state.onFinishScenario(scenario))\n  // eslint-disable-next-line func-names\n  .then(function () {\n    return this.skip();\n  });",
              "err": {},
              "uuid": "e345aed5-013f-48e1-aa5a-898b5b066407",
              "parentUUID": "9673f70a-e6c7-436f-9af7-b8425bf2b641",
              "isHook": false,
              "skipped": true
            },
            {
              "title": "Opening BDJobs Private Firm Company Jobs",
              "fullTitle": "BDJobs Main Page Opening BDJobs Private Firm Company Jobs",
              "timedOut": null,
              "duration": 5597,
              "state": "pending",
              "speed": null,
              "pass": false,
              "fail": false,
              "pending": false,
              "context": null,
              "code": "// register this scenario with the cucumber data collector\n// but don't run it\n// Tell mocha this is a skipped test so it also shows correctly in Cypress\nconst state = window.testState;\ncy.then(() => state.onStartScenario(scenario, indexedSteps))\n  .then(() => state.onFinishScenario(scenario))\n  // eslint-disable-next-line func-names\n  .then(function () {\n    return this.skip();\n  });",
              "err": {},
              "uuid": "bc0d157c-cdc3-410e-87dd-8c16c7a8bd94",
              "parentUUID": "9673f70a-e6c7-436f-9af7-b8425bf2b641",
              "isHook": false,
              "skipped": true
            },
            {
              "title": "Opening BDJobs Private International Agencies",
              "fullTitle": "BDJobs Main Page Opening BDJobs Private International Agencies",
              "timedOut": null,
              "duration": 2052,
              "state": "pending",
              "speed": null,
              "pass": false,
              "fail": false,
              "pending": false,
              "context": null,
              "code": "// register this scenario with the cucumber data collector\n// but don't run it\n// Tell mocha this is a skipped test so it also shows correctly in Cypress\nconst state = window.testState;\ncy.then(() => state.onStartScenario(scenario, indexedSteps))\n  .then(() => state.onFinishScenario(scenario))\n  // eslint-disable-next-line func-names\n  .then(function () {\n    return this.skip();\n  });",
              "err": {},
              "uuid": "8d3d13a7-d0e2-47b6-812d-f5190e467a19",
              "parentUUID": "9673f70a-e6c7-436f-9af7-b8425bf2b641",
              "isHook": false,
              "skipped": true
            },
            {
              "title": "Opening BDJobs Others Jobs",
              "fullTitle": "BDJobs Main Page Opening BDJobs Others Jobs",
              "timedOut": null,
              "duration": 3540,
              "state": "pending",
              "speed": null,
              "pass": false,
              "fail": false,
              "pending": false,
              "context": null,
              "code": "// register this scenario with the cucumber data collector\n// but don't run it\n// Tell mocha this is a skipped test so it also shows correctly in Cypress\nconst state = window.testState;\ncy.then(() => state.onStartScenario(scenario, indexedSteps))\n  .then(() => state.onFinishScenario(scenario))\n  // eslint-disable-next-line func-names\n  .then(function () {\n    return this.skip();\n  });",
              "err": {},
              "uuid": "aeff3cf4-ca05-4750-aa6e-d8060c2ae186",
              "parentUUID": "9673f70a-e6c7-436f-9af7-b8425bf2b641",
              "isHook": false,
              "skipped": true
            }
          ],
          "suites": [],
          "passes": [
            "77a21d48-eddc-40e3-8cf0-6774136107a5",
            "9b3299af-5f87-41c9-9c4f-1ee9dd0e8d2d"
          ],
          "failures": [],
          "pending": [],
          "skipped": [
            "e345aed5-013f-48e1-aa5a-898b5b066407",
            "bc0d157c-cdc3-410e-87dd-8c16c7a8bd94",
            "8d3d13a7-d0e2-47b6-812d-f5190e467a19",
            "aeff3cf4-ca05-4750-aa6e-d8060c2ae186"
          ],
          "duration": 80668,
          "root": false,
          "rootEmpty": false,
          "_timeout": 2000
        }
      ],
      "passes": [],
      "failures": [],
      "pending": [],
      "skipped": [],
      "duration": 0,
      "root": true,
      "rootEmpty": true,
      "_timeout": 2000
    }
  ],
  "meta": {
    "mocha": {
      "version": "7.0.1"
    },
    "mochawesome": {
      "options": {
        "quiet": false,
        "reportFilename": "mochawesome",
        "saveHtml": true,
        "saveJson": true,
        "consoleReporter": "spec",
        "useInlineDiffs": false,
        "code": true
      },
      "version": "7.1.3"
    },
    "marge": {
      "options": {
        "charts": true,
        "overwrite": false,
        "html": true,
        "json": true,
        "reportDir": "cypress/reports"
      },
      "version": "6.2.0"
    }
  }
}